2022-05-30 17:15:05,150 [WARNING ] 78347 8636851712 callbacks: R[write to console]: Error: package or namespace load failed for ‘Robyn’ in dyn.load(file, DLLpath = DLLpath, ...):
 unable to load shared object '/Users/sinandjevdet/opt/miniconda3/envs/env_r41_p37/lib/R/library/minpack.lm/libs/minpack.lm.dylib':
  dlopen(/Users/sinandjevdet/opt/miniconda3/envs/env_r41_p37/lib/R/library/minpack.lm/libs/minpack.lm.dylib, 0x0006): Library not loaded: @rpath/libmkl_rt.2.dylib
  Referenced from: /Users/sinandjevdet/opt/miniconda3/envs/env_r41_p37/lib/R/library/minpack.lm/libs/minpack.lm.dylib
  Reason: tried: '/Users/sinandjevdet/opt/miniconda3/envs/env_r41_p37/lib/libmkl_rt.2.dylib' (no such file), '/Users/sinandjevdet/opt/miniconda3/envs/env_r41_p37/lib/libmkl_rt.2.dylib' (no such file), '/Users/sinandjevdet/opt/miniconda3/envs/env_r41_p37/lib/R/lib/libmkl_rt.2.dylib' (no such file), '/Users/sinandjevdet/opt/miniconda3/envs/env_r41_p37/lib/R/lib/../../libmkl_rt.2.dylib' (no such file), '/Users/sinandjevdet/opt/miniconda3/envs/env_r41_p37/lib/libmkl_rt.2.dylib' (no such file), '/Users/sinandjevdet/opt/miniconda3/envs/env_r41_p37/bin/../lib/libmkl_rt.2.dylib' (no such 

2022-05-30 17:15:05,161 [WARNING ] 78347 8636851712 callbacks: R[write to console]: Error in dyn.load(file, DLLpath = DLLpath, ...) : 
  unable to load shared object '/Users/sinandjevdet/opt/miniconda3/envs/env_r41_p37/lib/R/library/minpack.lm/libs/minpack.lm.dylib':
  dlopen(/Users/sinandjevdet/opt/miniconda3/envs/env_r41_p37/lib/R/library/minpack.lm/libs/minpack.lm.dylib, 0x0006): Library not loaded: @rpath/libmkl_rt.2.dylib
  Referenced from: /Users/sinandjevdet/opt/miniconda3/envs/env_r41_p37/lib/R/library/minpack.lm/libs/minpack.lm.dylib
  Reason: tried: '/Users/sinandjevdet/opt/miniconda3/envs/env_r41_p37/lib/libmkl_rt.2.dylib' (no such file), '/Users/sinandjevdet/opt/miniconda3/envs/env_r41_p37/lib/libmkl_rt.2.dylib' (no such file), '/Users/sinandjevdet/opt/miniconda3/envs/env_r41_p37/lib/R/lib/libmkl_rt.2.dylib' (no such file), '/Users/sinandjevdet/opt/miniconda3/envs/env_r41_p37/lib/R/lib/../../libmkl_rt.2.dylib' (no such file), '/Users/sinandjevdet/opt/miniconda3/envs/env_r41_p37/lib/libmkl_rt.2.dylib' (no such file), '/Users/sinandjevdet/opt/miniconda3/envs/env_r41_p37/bin/../lib/libmkl_rt.2.dylib' (

2022-05-30 17:15:05,162 [ERROR   ] 78347 8636851712 robyn_v02: ERROR
2022-05-30 17:15:21,176 [WARNING ] 78413 8665622016 callbacks: R[write to console]: Error: package or namespace load failed for ‘Robyn’ in dyn.load(file, DLLpath = DLLpath, ...):
 unable to load shared object '/Users/sinandjevdet/opt/miniconda3/envs/env_r41_p37/lib/R/library/minpack.lm/libs/minpack.lm.dylib':
  dlopen(/Users/sinandjevdet/opt/miniconda3/envs/env_r41_p37/lib/R/library/minpack.lm/libs/minpack.lm.dylib, 0x0006): Library not loaded: @rpath/libmkl_rt.2.dylib
  Referenced from: /Users/sinandjevdet/opt/miniconda3/envs/env_r41_p37/lib/R/library/minpack.lm/libs/minpack.lm.dylib
  Reason: tried: '/Users/sinandjevdet/opt/miniconda3/envs/env_r41_p37/lib/libmkl_rt.2.dylib' (no such file), '/Users/sinandjevdet/opt/miniconda3/envs/env_r41_p37/lib/libmkl_rt.2.dylib' (no such file), '/Users/sinandjevdet/opt/miniconda3/envs/env_r41_p37/lib/R/lib/libmkl_rt.2.dylib' (no such file), '/Users/sinandjevdet/opt/miniconda3/envs/env_r41_p37/lib/R/lib/../../libmkl_rt.2.dylib' (no such file), '/Users/sinandjevdet/opt/miniconda3/envs/env_r41_p37/lib/libmkl_rt.2.dylib' (no such file), '/Users/sinandjevdet/opt/miniconda3/envs/env_r41_p37/bin/../lib/libmkl_rt.2.dylib' (no such 

2022-05-30 17:15:21,187 [WARNING ] 78413 8665622016 callbacks: R[write to console]: Error in dyn.load(file, DLLpath = DLLpath, ...) : 
  unable to load shared object '/Users/sinandjevdet/opt/miniconda3/envs/env_r41_p37/lib/R/library/minpack.lm/libs/minpack.lm.dylib':
  dlopen(/Users/sinandjevdet/opt/miniconda3/envs/env_r41_p37/lib/R/library/minpack.lm/libs/minpack.lm.dylib, 0x0006): Library not loaded: @rpath/libmkl_rt.2.dylib
  Referenced from: /Users/sinandjevdet/opt/miniconda3/envs/env_r41_p37/lib/R/library/minpack.lm/libs/minpack.lm.dylib
  Reason: tried: '/Users/sinandjevdet/opt/miniconda3/envs/env_r41_p37/lib/libmkl_rt.2.dylib' (no such file), '/Users/sinandjevdet/opt/miniconda3/envs/env_r41_p37/lib/libmkl_rt.2.dylib' (no such file), '/Users/sinandjevdet/opt/miniconda3/envs/env_r41_p37/lib/R/lib/libmkl_rt.2.dylib' (no such file), '/Users/sinandjevdet/opt/miniconda3/envs/env_r41_p37/lib/R/lib/../../libmkl_rt.2.dylib' (no such file), '/Users/sinandjevdet/opt/miniconda3/envs/env_r41_p37/lib/libmkl_rt.2.dylib' (no such file), '/Users/sinandjevdet/opt/miniconda3/envs/env_r41_p37/bin/../lib/libmkl_rt.2.dylib' (

2022-05-30 17:15:21,187 [INFO    ] 78413 8665622016 robyn_v02: ERROR
2022-05-30 17:16:19,237 [WARNING ] 78526 8642332160 callbacks: R[write to console]: Error: package or namespace load failed for ‘Robyn’ in dyn.load(file, DLLpath = DLLpath, ...):
 unable to load shared object '/Users/sinandjevdet/opt/miniconda3/envs/env_r41_p37/lib/R/library/minpack.lm/libs/minpack.lm.dylib':
  dlopen(/Users/sinandjevdet/opt/miniconda3/envs/env_r41_p37/lib/R/library/minpack.lm/libs/minpack.lm.dylib, 0x0006): Library not loaded: @rpath/libmkl_rt.2.dylib
  Referenced from: /Users/sinandjevdet/opt/miniconda3/envs/env_r41_p37/lib/R/library/minpack.lm/libs/minpack.lm.dylib
  Reason: tried: '/Users/sinandjevdet/opt/miniconda3/envs/env_r41_p37/lib/libmkl_rt.2.dylib' (no such file), '/Users/sinandjevdet/opt/miniconda3/envs/env_r41_p37/lib/libmkl_rt.2.dylib' (no such file), '/Users/sinandjevdet/opt/miniconda3/envs/env_r41_p37/lib/R/lib/libmkl_rt.2.dylib' (no such file), '/Users/sinandjevdet/opt/miniconda3/envs/env_r41_p37/lib/R/lib/../../libmkl_rt.2.dylib' (no such file), '/Users/sinandjevdet/opt/miniconda3/envs/env_r41_p37/lib/libmkl_rt.2.dylib' (no such file), '/Users/sinandjevdet/opt/miniconda3/envs/env_r41_p37/bin/../lib/libmkl_rt.2.dylib' (no such 

2022-05-30 17:16:19,248 [WARNING ] 78526 8642332160 callbacks: R[write to console]: Error in dyn.load(file, DLLpath = DLLpath, ...) : 
  unable to load shared object '/Users/sinandjevdet/opt/miniconda3/envs/env_r41_p37/lib/R/library/minpack.lm/libs/minpack.lm.dylib':
  dlopen(/Users/sinandjevdet/opt/miniconda3/envs/env_r41_p37/lib/R/library/minpack.lm/libs/minpack.lm.dylib, 0x0006): Library not loaded: @rpath/libmkl_rt.2.dylib
  Referenced from: /Users/sinandjevdet/opt/miniconda3/envs/env_r41_p37/lib/R/library/minpack.lm/libs/minpack.lm.dylib
  Reason: tried: '/Users/sinandjevdet/opt/miniconda3/envs/env_r41_p37/lib/libmkl_rt.2.dylib' (no such file), '/Users/sinandjevdet/opt/miniconda3/envs/env_r41_p37/lib/libmkl_rt.2.dylib' (no such file), '/Users/sinandjevdet/opt/miniconda3/envs/env_r41_p37/lib/R/lib/libmkl_rt.2.dylib' (no such file), '/Users/sinandjevdet/opt/miniconda3/envs/env_r41_p37/lib/R/lib/../../libmkl_rt.2.dylib' (no such file), '/Users/sinandjevdet/opt/miniconda3/envs/env_r41_p37/lib/libmkl_rt.2.dylib' (no such file), '/Users/sinandjevdet/opt/miniconda3/envs/env_r41_p37/bin/../lib/libmkl_rt.2.dylib' (

2022-05-30 17:16:19,248 [ERROR   ] 78526 8642332160 robyn_v02: ERROR 
Traceback (most recent call last):
  File "/Users/sinandjevdet/PycharmProjects/Robyn/util/robyn_v02.py", line 45, in <module>
    robyn = importr('Robyn')
  File "/Users/sinandjevdet/opt/miniconda3/envs/env_r41_p37/lib/python3.7/site-packages/rpy2/robjects/packages.py", line 485, in importr
    env = _get_namespace(name)
  File "/Users/sinandjevdet/opt/miniconda3/envs/env_r41_p37/lib/python3.7/site-packages/rpy2/rinterface_lib/conversion.py", line 45, in _
    cdata = function(*args, **kwargs)
  File "/Users/sinandjevdet/opt/miniconda3/envs/env_r41_p37/lib/python3.7/site-packages/rpy2/rinterface.py", line 810, in __call__
    raise embedded.RRuntimeError(_rinterface._geterrmessage())
rpy2.rinterface_lib.embedded.RRuntimeError: Error in dyn.load(file, DLLpath = DLLpath, ...) : 
  unable to load shared object '/Users/sinandjevdet/opt/miniconda3/envs/env_r41_p37/lib/R/library/minpack.lm/libs/minpack.lm.dylib':
  dlopen(/Users/sinandjevdet/opt/miniconda3/envs/env_r41_p37/lib/R/library/minpack.lm/libs/minpack.lm.dylib, 0x0006): Library not loaded: @rpath/libmkl_rt.2.dylib
  Referenced from: /Users/sinandjevdet/opt/miniconda3/envs/env_r41_p37/lib/R/library/minpack.lm/libs/minpack.lm.dylib
  Reason: tried: '/Users/sinandjevdet/opt/miniconda3/envs/env_r41_p37/lib/libmkl_rt.2.dylib' (no such file), '/Users/sinandjevdet/opt/miniconda3/envs/env_r41_p37/lib/libmkl_rt.2.dylib' (no such file), '/Users/sinandjevdet/opt/miniconda3/envs/env_r41_p37/lib/R/lib/libmkl_rt.2.dylib' (no such file), '/Users/sinandjevdet/opt/miniconda3/envs/env_r41_p37/lib/R/lib/../../libmkl_rt.2.dylib' (no such file), '/Users/sinandjevdet/opt/miniconda3/envs/env_r41_p37/lib/libmkl_rt.2.dylib' (no such file), '/Users/sinandjevdet/opt/miniconda3/envs/env_r41_p37/bin/../lib/libmkl_rt.2.dylib' (

